<?xml version="1.0" encoding="UTF-8"?>
<!-- Generated by org.testng.reporters.JUnitReportReporter -->
<testsuite hostname="DESKTOP-J4GD52D" failures="0" tests="1" name="lamda.test.TestScenario2" time="5.519" errors="0" timestamp="2025-04-30T08:02:07 GMT+03:00" skipped="0">
  <testcase classname="lamda.test.TestScenario2" name="rangeTest" time="5.519"/>
</testsuite> <!-- lamda.test.TestScenario2 -->
