<?xml version="1.0" encoding="UTF-8"?>
<!-- Generated by org.testng.reporters.JUnitReportReporter -->
<testsuite hostname="DESKTOP-J4GD52D" failures="0" tests="1" name="lamda.test.TestScenario1" time="7.786" errors="0" timestamp="2025-04-30T08:29:11 GMT+03:00" skipped="0">
  <testcase classname="lamda.test.TestScenario1" name="simpleFormDemoTest" time="7.786"/>
</testsuite> <!-- lamda.test.TestScenario1 -->
