<?xml version="1.0" encoding="UTF-8"?>
<!-- Generated by org.testng.reporters.JUnitReportReporter -->
<testsuite hostname="DESKTOP-J4GD52D" failures="0" tests="1" name="lamda.test.TestScenario1" time="54.777" errors="0" timestamp="2025-04-30T07:34:41 AST" skipped="0">
  <testcase classname="lamda.test.TestScenario1" name="simpleFormDemoTest" time="54.777"/>
</testsuite> <!-- lamda.test.TestScenario1 -->
